<?xml version="1.0" encoding="UTF-8"?>
<!-- Generated by org.testng.reporters.JUnitReportReporter -->
<testsuite hostname="DESKTOP-RB85FKA" failures="0" tests="1" name="qaclickacademy.Mavenjava.abc" time="0.001" errors="0" timestamp="2021-05-01T18:10:58 IST" skipped="0">
  <testcase classname="qaclickacademy.Mavenjava.abc" name="NativeAppAndroid" time="0.001"/>
  <system-out/>
</testsuite> <!-- qaclickacademy.Mavenjava.abc -->
