<?xml version="1.0" encoding="UTF-8"?>
<!-- Generated by org.testng.reporters.JUnitReportReporter -->
<testsuite hostname="DESKTOP-RB85FKA" failures="0" tests="1" name="qaclickacademy.Mavenjava.abc" time="0.002" errors="0" timestamp="2021-04-30T20:09:24 IST" skipped="0">
  <testcase classname="qaclickacademy.Mavenjava.abc" name="NativeAppAndroid" time="0.002"/>
  <system-out/>
</testsuite> <!-- qaclickacademy.Mavenjava.abc -->
